# JRE version: 7.0_21-b11
# Java VM: Java HotSpot(TM) 64-Bit Server VM (23.21-b01 mixed mode windows-amd64 compressed oops)
Heap
 PSYoungGen      total 214912K, used 214910K [0x00000000eaab0000, 0x00000000fad70000, 0x0000000100000000)
  eden space 180224K, 100% used [0x00000000eaab0000,0x00000000f5ab0000,0x00000000f5ab0000)
  from space 34688K, 99% used [0x00000000f5ab0000,0x00000000f7c8f838,0x00000000f7c90000)
  to   space 42176K, 99% used [0x00000000f8440000,0x00000000fad682d0,0x00000000fad70000)
 ParOldGen       total 216832K, used 63506K [0x00000000c0000000, 0x00000000cd3c0000, 0x00000000eaab0000)
  object space 216832K, 29% used [0x00000000c0000000,0x00000000c3e04ae8,0x00000000cd3c0000)
 PSPermGen       total 106240K, used 106097K [0x00000000b0000000, 0x00000000b67c0000, 0x00000000c0000000)
  object space 106240K, 99% used [0x00000000b0000000,0x00000000b679c4c0,0x00000000b67c0000)
GC Heap History (10 events):
Event: 11249.481 GC heap after
Heap after GC invocations=153 (full 31):
 PSYoungGen      total 207424K, used 23793K [0x00000000eaab0000, 0x00000000f9a30000, 0x0000000100000000)
  eden space 182208K, 0% used [0x00000000eaab0000,0x00000000eaab0000,0x00000000f5ca0000)
  from space 25216K, 94% used [0x00000000f7970000,0x00000000f90ac7b0,0x00000000f9210000)
  to   space 29504K, 0% used [0x00000000f5ca0000,0x00000000f5ca0000,0x00000000f7970000)
 ParOldGen       total 216832K, used 79648K [0x00000000c0000000, 0x00000000cd3c0000, 0x00000000eaab0000)
  object space 216832K, 36% used [0x00000000c0000000,0x00000000c4dc8250,0x00000000cd3c0000)
 PSPermGen       total 102848K, used 78756K [0x00000000b0000000, 0x00000000b6470000, 0x00000000c0000000)
  object space 102848K, 76% used [0x00000000b0000000,0x00000000b4ce9348,0x00000000b6470000)
}
Event: 11249.482 GC heap before
{Heap before GC invocations=154 (full 32):
 PSYoungGen      total 207424K, used 23793K [0x00000000eaab0000, 0x00000000f9a30000, 0x0000000100000000)
  eden space 182208K, 0% used [0x00000000eaab0000,0x00000000eaab0000,0x00000000f5ca0000)
  from space 25216K, 94% used [0x00000000f7970000,0x00000000f90ac7b0,0x00000000f9210000)
  to   space 29504K, 0% used [0x00000000f5ca0000,0x00000000f5ca0000,0x00000000f7970000)
 ParOldGen       total 216832K, used 79648K [0x00000000c0000000, 0x00000000cd3c0000, 0x00000000eaab0000)
  object space 216832K, 36% used [0x00000000c0000000,0x00000000c4dc8250,0x00000000cd3c0000)
 PSPermGen       total 102848K, used 78756K [0x00000000b0000000, 0x00000000b6470000, 0x00000000c0000000)
  object space 102848K, 76% used [0x00000000b0000000,0x00000000b4ce9348,0x00000000b6470000)
Event: 11249.667 GC heap after
Heap after GC invocations=154 (full 32):
 PSYoungGen      total 207424K, used 0K [0x00000000eaab0000, 0x00000000f9a30000, 0x0000000100000000)
  eden space 182208K, 0% used [0x00000000eaab0000,0x00000000eaab0000,0x00000000f5ca0000)
  from space 25216K, 0% used [0x00000000f7970000,0x00000000f7970000,0x00000000f9210000)
  to   space 29504K, 0% used [0x00000000f5ca0000,0x00000000f5ca0000,0x00000000f7970000)
 ParOldGen       total 216832K, used 52111K [0x00000000c0000000, 0x00000000cd3c0000, 0x00000000eaab0000)
  object space 216832K, 24% used [0x00000000c0000000,0x00000000c32e3f98,0x00000000cd3c0000)
 PSPermGen       total 105088K, used 78705K [0x00000000b0000000, 0x00000000b66a0000, 0x00000000c0000000)
  object space 105088K, 74% used [0x00000000b0000000,0x00000000b4cdc598,0x00000000b66a0000)
}
Event: 11261.777 GC heap before
{Heap before GC invocations=155 (full 32):
 PSYoungGen      total 207424K, used 182208K [0x00000000eaab0000, 0x00000000f9a30000, 0x0000000100000000)
  eden space 182208K, 100% used [0x00000000eaab0000,0x00000000f5ca0000,0x00000000f5ca0000)
  from space 25216K, 0% used [0x00000000f7970000,0x00000000f7970000,0x00000000f9210000)
  to   space 29504K, 0% used [0x00000000f5ca0000,0x00000000f5ca0000,0x00000000f7970000)
 ParOldGen       total 216832K, used 52111K [0x00000000c0000000, 0x00000000cd3c0000, 0x00000000eaab0000)
  object space 216832K, 24% used [0x00000000c0000000,0x00000000c32e3f98,0x00000000cd3c0000)
 PSPermGen       total 105088K, used 86519K [0x00000000b0000000, 0x00000000b66a0000, 0x00000000c0000000)
  object space 105088K, 82% used [0x00000000b0000000,0x00000000b547de50,0x00000000b66a0000)
Event: 11261.793 GC heap after
Heap after GC invocations=155 (full 32):
 PSYoungGen      total 211712K, used 21539K [0x00000000eaab0000, 0x00000000f9be0000, 0x0000000100000000)
  eden space 182208K, 0% used [0x00000000eaab0000,0x00000000eaab0000,0x00000000f5ca0000)
  from space 29504K, 73% used [0x00000000f5ca0000,0x00000000f71a8d58,0x00000000f7970000)
  to   space 32064K, 0% used [0x00000000f7c90000,0x00000000f7c90000,0x00000000f9be0000)
 ParOldGen       total 216832K, used 52111K [0x00000000c0000000, 0x00000000cd3c0000, 0x00000000eaab0000)
  object space 216832K, 24% used [0x00000000c0000000,0x00000000c32e3f98,0x00000000cd3c0000)
 PSPermGen       total 105088K, used 86519K [0x00000000b0000000, 0x00000000b66a0000, 0x00000000c0000000)
  object space 105088K, 82% used [0x00000000b0000000,0x00000000b547de50,0x00000000b66a0000)
}
Event: 11283.954 GC heap before
{Heap before GC invocations=156 (full 32):
 PSYoungGen      total 211712K, used 203747K [0x00000000eaab0000, 0x00000000f9be0000, 0x0000000100000000)
  eden space 182208K, 100% used [0x00000000eaab0000,0x00000000f5ca0000,0x00000000f5ca0000)
  from space 29504K, 73% used [0x00000000f5ca0000,0x00000000f71a8d58,0x00000000f7970000)
  to   space 32064K, 0% used [0x00000000f7c90000,0x00000000f7c90000,0x00000000f9be0000)
 ParOldGen       total 216832K, used 52111K [0x00000000c0000000, 0x00000000cd3c0000, 0x00000000eaab0000)
  object space 216832K, 24% used [0x00000000c0000000,0x00000000c32e3f98,0x00000000cd3c0000)
 PSPermGen       total 105088K, used 89790K [0x00000000b0000000, 0x00000000b66a0000, 0x00000000c0000000)
  object space 105088K, 85% used [0x00000000b0000000,0x00000000b57afa10,0x00000000b66a0000)
Event: 11283.970 GC heap after
Heap after GC invocations=156 (full 32):
 PSYoungGen      total 212288K, used 23399K [0x00000000eaab0000, 0x00000000fa0e0000, 0x0000000100000000)
  eden space 180224K, 0% used [0x00000000eaab0000,0x00000000eaab0000,0x00000000f5ab0000)
  from space 32064K, 72% used [0x00000000f7c90000,0x00000000f9369f48,0x00000000f9be0000)
  to   space 34688K, 0% used [0x00000000f5ab0000,0x00000000f5ab0000,0x00000000f7c90000)
 ParOldGen       total 216832K, used 52111K [0x00000000c0000000, 0x00000000cd3c0000, 0x00000000eaab0000)
  object space 216832K, 24% used [0x00000000c0000000,0x00000000c32e3f98,0x00000000cd3c0000)
 PSPermGen       total 105088K, used 89790K [0x00000000b0000000, 0x00000000b66a0000, 0x00000000c0000000)
  object space 105088K, 85% used [0x00000000b0000000,0x00000000b57afa10,0x00000000b66a0000)
}
Event: 11350.415 GC heap before
{Heap before GC invocations=157 (full 32):
 PSYoungGen      total 212288K, used 203623K [0x00000000eaab0000, 0x00000000fa0e0000, 0x0000000100000000)
  eden space 180224K, 100% used [0x00000000eaab0000,0x00000000f5ab0000,0x00000000f5ab0000)
  from space 32064K, 72% used [0x00000000f7c90000,0x00000000f9369f48,0x00000000f9be0000)
  to   space 34688K, 0% used [0x00000000f5ab0000,0x00000000f5ab0000,0x00000000f7c90000)
 ParOldGen       total 216832K, used 52111K [0x00000000c0000000, 0x00000000cd3c0000, 0x00000000eaab0000)
  object space 216832K, 24% used [0x00000000c0000000,0x00000000c32e3f98,0x00000000cd3c0000)
 PSPermGen       total 105088K, used 97308K [0x00000000b0000000, 0x00000000b66a0000, 0x00000000c0000000)
  object space 105088K, 92% used [0x00000000b0000000,0x00000000b5f07260,0x00000000b66a0000)
Event: 11350.442 GC heap after
Heap after GC invocations=157 (full 32):
 PSYoungGen      total 214912K, used 34686K [0x00000000eaab0000, 0x00000000fad70000, 0x0000000100000000)
  eden space 180224K, 0% used [0x00000000eaab0000,0x00000000eaab0000,0x00000000f5ab0000)
  from space 34688K, 99% used [0x00000000f5ab0000,0x00000000f7c8f838,0x00000000f7c90000)
  to   space 42176K, 0% used [0x00000000f8440000,0x00000000f8440000,0x00000000fad70000)
 ParOldGen       total 216832K, used 55638K [0x00000000c0000000, 0x00000000cd3c0000, 0x00000000eaab0000)
  object space 216832K, 25% used [0x00000000c0000000,0x00000000c36559a8,0x00000000cd3c0000)
 PSPermGen       total 105088K, used 97308K [0x00000000b0000000, 0x00000000b66a0000, 0x00000000c0000000)
  object space 105088K, 92% used [0x00000000b0000000,0x00000000b5f07260,0x00000000b66a0000)
}
Event: 11352.552 GC heap before
{Heap before GC invocations=158 (full 32):
 PSYoungGen      total 214912K, used 214910K [0x00000000eaab0000, 0x00000000fad70000, 0x0000000100000000)
  eden space 180224K, 100% used [0x00000000eaab0000,0x00000000f5ab0000,0x00000000f5ab0000)
  from space 34688K, 99% used [0x00000000f5ab0000,0x00000000f7c8f838,0x00000000f7c90000)
  to   space 42176K, 0% used [0x00000000f8440000,0x00000000f8440000,0x00000000fad70000)
 ParOldGen       total 216832K, used 55638K [0x00000000c0000000, 0x00000000cd3c0000, 0x00000000eaab0000)
  object space 216832K, 25% used [0x00000000c0000000,0x00000000c36559a8,0x00000000cd3c0000)
 PSPermGen       total 106240K, used 106097K [0x00000000b0000000, 0x00000000b67c0000, 0x00000000c0000000)
  object space 106240K, 99% used [0x00000000b0000000,0x00000000b679c4c0,0x00000000b67c0000)

